[10-Mar-2016 08:20:47 UTC] Hello, errors!
[10-Mar-2016 08:21:02 UTC] Hello, errors!
[10-Mar-2016 08:21:12 UTC] Hello, errors!
[10-Mar-2016 08:21:15 UTC] Hello, errors!
[10-Mar-2016 08:21:21 UTC] Hello, errors!
[10-Mar-2016 08:21:23 UTC] Hello, errors!
[10-Mar-2016 08:21:38 UTC] Hello, errors!
[10-Mar-2016 08:21:42 UTC] Hello, errors!
[10-Mar-2016 08:21:47 UTC] Hello, errors!
[10-Mar-2016 08:21:48 UTC] Hello, errors!
[10-Mar-2016 08:21:50 UTC] Hello, errors!
[10-Mar-2016 08:22:04 UTC] Hello, errors!
[10-Mar-2016 08:22:06 UTC] Hello, errors!
[10-Mar-2016 08:22:08 UTC] Hello, errors!
[10-Mar-2016 08:22:11 UTC] Hello, errors!
[10-Mar-2016 08:24:06 UTC] Hello, errors!
[10-Mar-2016 08:24:08 UTC] Hello, errors!
[10-Mar-2016 08:24:11 UTC] Hello, errors!
[10-Mar-2016 08:24:18 UTC] Hello, errors!
[10-Mar-2016 08:24:26 UTC] Hello, errors!
[10-Mar-2016 08:24:31 UTC] Hello, errors!
[10-Mar-2016 08:24:32 UTC] Hello, errors!
[10-Mar-2016 08:26:47 UTC] Hello, errors!
[10-Mar-2016 08:26:53 UTC] Hello, errors!
[10-Mar-2016 08:27:15 UTC] Hello, errors!
[10-Mar-2016 08:27:43 UTC] Hello, errors!
[10-Mar-2016 08:27:51 UTC] Hello, errors!
[10-Mar-2016 08:36:18 UTC] Hello, errors!
[10-Mar-2016 08:36:33 UTC] Hello, errors!
[10-Mar-2016 08:36:50 UTC] Hello, errors!
[10-Mar-2016 08:37:22 UTC] Hello, errors!
[10-Mar-2016 08:37:25 UTC] Hello, errors!
[10-Mar-2016 08:37:28 UTC] Hello, errors!
[10-Mar-2016 08:38:59 UTC] Hello, errors!
[10-Mar-2016 08:40:09 UTC] Hello, errors!
[10-Mar-2016 08:40:11 UTC] Hello, errors!
[10-Mar-2016 08:40:19 UTC] Hello, errors!
[10-Mar-2016 08:40:22 UTC] Hello, errors!
[10-Mar-2016 08:40:27 UTC] Hello, errors!
[10-Mar-2016 08:40:29 UTC] Hello, errors!
[10-Mar-2016 08:41:15 UTC] Hello, errors!
[10-Mar-2016 08:52:20 UTC] Hello, errors!
[10-Mar-2016 08:52:27 UTC] Hello, errors!
[10-Mar-2016 08:52:51 UTC] Hello, errors!
[10-Mar-2016 08:53:58 UTC] Hello, errors!
[10-Mar-2016 08:54:00 UTC] Hello, errors!
[10-Mar-2016 08:54:08 UTC] Hello, errors!
[10-Mar-2016 08:56:42 UTC] Hello, errors!
[10-Mar-2016 08:56:44 UTC] Hello, errors!
[10-Mar-2016 08:56:47 UTC] Hello, errors!
[10-Mar-2016 08:56:51 UTC] Hello, errors!
[10-Mar-2016 08:56:54 UTC] Hello, errors!
[10-Mar-2016 08:57:52 UTC] Hello, errors!
[10-Mar-2016 08:57:54 UTC] Hello, errors!
[10-Mar-2016 08:58:02 UTC] Hello, errors!
[10-Mar-2016 08:58:04 UTC] Hello, errors!
[10-Mar-2016 08:58:04 UTC] Hello, errors!
[10-Mar-2016 08:58:06 UTC] Hello, errors!
[10-Mar-2016 08:58:12 UTC] Hello, errors!
[10-Mar-2016 08:58:17 UTC] Hello, errors!
[10-Mar-2016 08:58:19 UTC] Hello, errors!
[10-Mar-2016 08:58:20 UTC] Hello, errors!
[10-Mar-2016 08:58:21 UTC] Hello, errors!
[10-Mar-2016 08:58:58 UTC] Hello, errors!
[10-Mar-2016 08:59:00 UTC] Hello, errors!
[10-Mar-2016 08:59:03 UTC] Hello, errors!
[10-Mar-2016 08:59:05 UTC] Hello, errors!
[10-Mar-2016 08:59:14 UTC] Hello, errors!
[10-Mar-2016 08:59:38 UTC] Hello, errors!
[10-Mar-2016 09:00:04 UTC] Hello, errors!
[10-Mar-2016 09:02:54 UTC] Hello, errors!
[10-Mar-2016 09:03:12 UTC] Hello, errors!
[10-Mar-2016 09:03:15 UTC] Hello, errors!
[10-Mar-2016 09:04:12 UTC] Hello, errors!
[10-Mar-2016 09:04:16 UTC] Hello, errors!
[10-Mar-2016 09:04:19 UTC] Hello, errors!
[10-Mar-2016 09:04:43 UTC] Hello, errors!
[10-Mar-2016 09:05:16 UTC] Hello, errors!
[10-Mar-2016 09:05:19 UTC] Hello, errors!
[10-Mar-2016 09:05:21 UTC] Hello, errors!
[10-Mar-2016 09:05:25 UTC] Hello, errors!
[10-Mar-2016 09:05:31 UTC] Hello, errors!
[10-Mar-2016 09:06:45 UTC] Hello, errors!
[10-Mar-2016 09:07:08 UTC] Hello, errors!
[10-Mar-2016 09:08:28 UTC] Hello, errors!
[10-Mar-2016 09:08:30 UTC] Hello, errors!
[10-Mar-2016 09:08:34 UTC] Hello, errors!
[10-Mar-2016 09:08:40 UTC] Hello, errors!
[10-Mar-2016 09:09:11 UTC] Hello, errors!
[10-Mar-2016 09:09:14 UTC] Hello, errors!
[10-Mar-2016 09:09:17 UTC] Hello, errors!
[10-Mar-2016 09:09:27 UTC] Hello, errors!
[10-Mar-2016 09:09:47 UTC] Hello, errors!
[10-Mar-2016 09:10:02 UTC] Hello, errors!
[10-Mar-2016 09:10:32 UTC] Hello, errors!
[10-Mar-2016 09:10:34 UTC] Hello, errors!
[10-Mar-2016 09:10:36 UTC] Hello, errors!
[10-Mar-2016 09:10:41 UTC] Hello, errors!
[10-Mar-2016 09:10:44 UTC] Hello, errors!
[10-Mar-2016 09:11:36 UTC] Hello, errors!
[10-Mar-2016 09:11:39 UTC] Hello, errors!
[10-Mar-2016 09:11:43 UTC] Hello, errors!
[10-Mar-2016 09:11:47 UTC] Hello, errors!
[10-Mar-2016 09:12:04 UTC] Hello, errors!
[10-Mar-2016 09:12:07 UTC] Hello, errors!
[10-Mar-2016 09:12:12 UTC] Hello, errors!
[10-Mar-2016 09:12:14 UTC] Hello, errors!
[10-Mar-2016 09:12:16 UTC] Hello, errors!
[10-Mar-2016 09:12:20 UTC] Hello, errors!
[10-Mar-2016 09:12:46 UTC] Hello, errors!
[10-Mar-2016 09:12:47 UTC] Hello, errors!
[10-Mar-2016 09:12:49 UTC] Hello, errors!
[10-Mar-2016 09:12:52 UTC] Hello, errors!
[10-Mar-2016 09:12:58 UTC] Hello, errors!
[10-Mar-2016 09:13:00 UTC] Hello, errors!
[10-Mar-2016 09:13:10 UTC] Hello, errors!
[10-Mar-2016 09:16:22 UTC] Hello, errors!
[10-Mar-2016 09:16:27 UTC] Hello, errors!
[10-Mar-2016 09:19:24 UTC] Hello, errors!
[10-Mar-2016 09:19:26 UTC] Hello, errors!
[10-Mar-2016 09:19:27 UTC] Hello, errors!
[10-Mar-2016 09:19:34 UTC] Hello, errors!
[10-Mar-2016 09:20:10 UTC] Hello, errors!
[10-Mar-2016 09:20:17 UTC] Hello, errors!
[10-Mar-2016 09:20:18 UTC] Hello, errors!
[10-Mar-2016 09:20:20 UTC] Hello, errors!
[10-Mar-2016 09:20:35 UTC] Hello, errors!
[10-Mar-2016 09:21:22 UTC] Hello, errors!
[10-Mar-2016 09:21:34 UTC] Hello, errors!
[10-Mar-2016 09:21:36 UTC] Hello, errors!
[10-Mar-2016 09:23:58 UTC] Hello, errors!
[10-Mar-2016 09:24:06 UTC] Hello, errors!
[10-Mar-2016 09:24:08 UTC] Hello, errors!
[10-Mar-2016 09:25:21 UTC] Hello, errors!
[10-Mar-2016 09:25:25 UTC] Hello, errors!
[10-Mar-2016 09:25:26 UTC] Hello, errors!
[10-Mar-2016 09:25:29 UTC] Hello, errors!
[10-Mar-2016 09:25:54 UTC] Hello, errors!
[10-Mar-2016 09:26:00 UTC] Hello, errors!
[10-Mar-2016 09:26:05 UTC] Hello, errors!
[10-Mar-2016 09:26:06 UTC] Hello, errors!
[10-Mar-2016 09:26:09 UTC] Hello, errors!
[10-Mar-2016 09:26:13 UTC] Hello, errors!
[10-Mar-2016 09:26:14 UTC] Hello, errors!
[10-Mar-2016 09:28:03 UTC] Hello, errors!
[10-Mar-2016 09:31:18 UTC] Hello, errors!
[10-Mar-2016 09:31:53 UTC] Hello, errors!
[10-Mar-2016 09:31:53 UTC] PHP Notice:  Undefined index: prijmeni in /home/daniela/woti/class/ClassLideViews.php on line 67
[10-Mar-2016 09:32:56 UTC] Hello, errors!
[10-Mar-2016 09:34:26 UTC] Hello, errors!
[10-Mar-2016 09:34:58 UTC] Hello, errors!
[10-Mar-2016 09:37:23 UTC] Hello, errors!
[10-Mar-2016 09:38:54 UTC] Hello, errors!
[10-Mar-2016 09:38:56 UTC] Hello, errors!
[10-Mar-2016 09:38:56 UTC] PHP Notice:  Undefined variable: pole in /home/daniela/woti/lide.php on line 55
[10-Mar-2016 09:38:56 UTC] PHP Warning:  Invalid argument supplied for foreach() in /home/daniela/woti/class/ClassLideViews.php on line 43
[10-Mar-2016 09:40:23 UTC] Hello, errors!
[10-Mar-2016 09:41:12 UTC] Hello, errors!
[10-Mar-2016 09:41:56 UTC] Hello, errors!
[10-Mar-2016 09:41:57 UTC] Hello, errors!
[10-Mar-2016 09:42:16 UTC] Hello, errors!
[10-Mar-2016 09:42:28 UTC] Hello, errors!
[10-Mar-2016 09:42:30 UTC] Hello, errors!
[10-Mar-2016 09:42:31 UTC] Hello, errors!
[10-Mar-2016 09:53:36 UTC] Hello, errors!
[14-Mar-2016 12:48:29 UTC] Hello, errors!
[14-Mar-2016 12:48:34 UTC] Hello, errors!
[14-Mar-2016 12:48:37 UTC] Hello, errors!
[14-Mar-2016 12:52:52 UTC] Hello, errors!
[14-Mar-2016 12:52:54 UTC] Hello, errors!
[14-Mar-2016 12:52:57 UTC] Hello, errors!
[14-Mar-2016 12:52:59 UTC] Hello, errors!
[14-Mar-2016 12:53:01 UTC] Hello, errors!
[14-Mar-2016 12:53:02 UTC] Hello, errors!
[14-Mar-2016 12:55:01 UTC] Hello, errors!
[14-Mar-2016 13:40:19 UTC] PHP Parse error:  syntax error, unexpected T_VARIABLE in /home/daniela/woti/class/ClassZakazkyViews.php on line 13
[14-Mar-2016 13:47:42 UTC] Hello, errors!
[14-Mar-2016 13:47:43 UTC] Hello, errors!
[14-Mar-2016 13:47:45 UTC] Hello, errors!
[14-Mar-2016 13:47:47 UTC] Hello, errors!
[14-Mar-2016 13:47:49 UTC] Hello, errors!
[14-Mar-2016 13:48:35 UTC] Hello, errors!
[14-Mar-2016 13:48:35 UTC] PHP Parse error:  syntax error, unexpected T_VARIABLE in /home/daniela/woti/class/ClassLideViews.php on line 51
[14-Mar-2016 13:49:32 UTC] Hello, errors!
[14-Mar-2016 13:49:32 UTC] PHP Parse error:  syntax error, unexpected T_VARIABLE in /home/daniela/woti/class/ClassLideViews.php on line 51
[14-Mar-2016 13:51:28 UTC] Hello, errors!
[14-Mar-2016 13:51:28 UTC] PHP Parse error:  syntax error, unexpected T_VARIABLE in /home/daniela/woti/class/ClassLideViews.php on line 51
[14-Mar-2016 13:51:34 UTC] Hello, errors!
[14-Mar-2016 13:51:34 UTC] PHP Parse error:  syntax error, unexpected T_VARIABLE in /home/daniela/woti/class/ClassLideViews.php on line 51
[14-Mar-2016 13:53:04 UTC] Hello, errors!
[14-Mar-2016 13:53:09 UTC] Hello, errors!
[14-Mar-2016 13:53:16 UTC] Hello, errors!
[14-Mar-2016 14:10:12 UTC] Hello, errors!
[14-Mar-2016 14:10:13 UTC] Hello, errors!
